<?xml version="1.0" encoding="UTF-8"?>
<!-- Generated by org.testng.reporters.JUnitReportReporter -->
<testsuite skipped="0" hostname="Imran" name="testNGpack.Flag1" tests="2" failures="0" timestamp="2022-08-20T12:57:25 IST" time="0.006" errors="0">
  <testcase name="invalidActiTimeTest" time="0.006" classname="testNGpack.Flag1"/>
  <system-out>
    <![CDATA[invalid login is perform]]>
  </system-out>
  <testcase name="validActiTimeTest" time="0.000" classname="testNGpack.Flag1"/>
  <system-out>
    <![CDATA[valid login is perform]]>
  </system-out>
</testsuite> <!-- testNGpack.Flag1 -->
