<?xml version="1.0" encoding="UTF-8"?>
<!-- Generated by org.testng.reporters.JUnitReportReporter -->
<testsuite skipped="0" hostname="Imran" name="testNGpack.Flag6" tests="18" failures="0" timestamp="2022-08-23T23:09:19 IST" time="0.029" errors="0">
  <testcase name="st5" time="0.001" classname="testNGpack.Flag6"/>
  <system-out>
    <![CDATA[Smoke TC-5]]>
  </system-out>
  <testcase name="it2" time="0.001" classname="testNGpack.Flag6"/>
  <system-out>
    <![CDATA[Integration TC-2]]>
  </system-out>
  <testcase name="ft3" time="0.001" classname="testNGpack.Flag6"/>
  <system-out>
    <![CDATA[Functional TC-3]]>
  </system-out>
  <testcase name="ft6" time="0.004" classname="testNGpack.Flag6"/>
  <system-out>
    <![CDATA[Functional TC-6]]>
  </system-out>
  <testcase name="st4" time="0.001" classname="testNGpack.Flag6"/>
  <system-out>
    <![CDATA[Smoke TC-4]]>
  </system-out>
  <testcase name="ft2" time="0.002" classname="testNGpack.Flag6"/>
  <system-out>
    <![CDATA[Functional TC-2]]>
  </system-out>
  <testcase name="it6" time="0.001" classname="testNGpack.Flag6"/>
  <system-out>
    <![CDATA[Integration TC-6]]>
  </system-out>
  <testcase name="st3" time="0.000" classname="testNGpack.Flag6"/>
  <system-out>
    <![CDATA[Smoke TC-3]]>
  </system-out>
  <testcase name="ft1" time="0.010" classname="testNGpack.Flag6"/>
  <system-out>
    <![CDATA[Functional TC-1]]>
  </system-out>
  <testcase name="ft5" time="0.000" classname="testNGpack.Flag6"/>
  <system-out>
    <![CDATA[Functional TC-5]]>
  </system-out>
  <testcase name="it5" time="0.001" classname="testNGpack.Flag6"/>
  <system-out>
    <![CDATA[Integration TC-5]]>
  </system-out>
  <testcase name="st2" time="0.001" classname="testNGpack.Flag6"/>
  <system-out>
    <![CDATA[Smoke TC-2]]>
  </system-out>
  <testcase name="ft4" time="0.000" classname="testNGpack.Flag6"/>
  <system-out>
    <![CDATA[Functional TC-4]]>
  </system-out>
  <testcase name="it1" time="0.001" classname="testNGpack.Flag6"/>
  <system-out>
    <![CDATA[Integration TC-1]]>
  </system-out>
  <testcase name="it3" time="0.002" classname="testNGpack.Flag6"/>
  <system-out>
    <![CDATA[Integration TC-3]]>
  </system-out>
  <testcase name="it4" time="0.001" classname="testNGpack.Flag6"/>
  <system-out>
    <![CDATA[Integration TC-4]]>
  </system-out>
  <testcase name="st6" time="0.001" classname="testNGpack.Flag6"/>
  <system-out>
    <![CDATA[Smoke TC-6]]>
  </system-out>
  <testcase name="st1" time="0.001" classname="testNGpack.Flag6"/>
  <system-out>
    <![CDATA[Smoke TC-1]]>
  </system-out>
</testsuite> <!-- testNGpack.Flag6 -->
