<?xml version="1.0" encoding="UTF-8"?>
<!-- Generated by org.testng.reporters.JUnitReportReporter -->
<testsuite skipped="0" hostname="Imran" name="testNGpack.Flag7" tests="50" failures="0" timestamp="2022-08-23T23:12:33 IST" time="0.043" errors="0">
  <testcase name="f" time="0.000" classname="testNGpack.Flag7"/>
  <system-out>
    <![CDATA[IHT]]>
  </system-out>
  <testcase name="f" time="0.000" classname="testNGpack.Flag7"/>
  <system-out>
    <![CDATA[IHT]]>
  </system-out>
  <testcase name="f" time="0.001" classname="testNGpack.Flag7"/>
  <system-out>
    <![CDATA[IHT]]>
  </system-out>
  <testcase name="f" time="0.000" classname="testNGpack.Flag7"/>
  <system-out>
    <![CDATA[IHT]]>
  </system-out>
  <testcase name="f" time="0.000" classname="testNGpack.Flag7"/>
  <system-out>
    <![CDATA[IHT]]>
  </system-out>
  <testcase name="f" time="0.000" classname="testNGpack.Flag7"/>
  <system-out>
    <![CDATA[IHT]]>
  </system-out>
  <testcase name="f" time="0.002" classname="testNGpack.Flag7"/>
  <system-out>
    <![CDATA[IHT]]>
  </system-out>
  <testcase name="f" time="0.000" classname="testNGpack.Flag7"/>
  <system-out>
    <![CDATA[IHT]]>
  </system-out>
  <testcase name="f" time="0.001" classname="testNGpack.Flag7"/>
  <system-out>
    <![CDATA[IHT]]>
  </system-out>
  <testcase name="f" time="0.000" classname="testNGpack.Flag7"/>
  <system-out>
    <![CDATA[IHT]]>
  </system-out>
  <testcase name="f" time="0.000" classname="testNGpack.Flag7"/>
  <system-out>
    <![CDATA[IHT]]>
  </system-out>
  <testcase name="f" time="0.003" classname="testNGpack.Flag7"/>
  <system-out>
    <![CDATA[IHT]]>
  </system-out>
  <testcase name="f" time="0.001" classname="testNGpack.Flag7"/>
  <system-out>
    <![CDATA[IHT]]>
  </system-out>
  <testcase name="f" time="0.002" classname="testNGpack.Flag7"/>
  <system-out>
    <![CDATA[IHT]]>
  </system-out>
  <testcase name="f" time="0.001" classname="testNGpack.Flag7"/>
  <system-out>
    <![CDATA[IHT]]>
  </system-out>
  <testcase name="f" time="0.000" classname="testNGpack.Flag7"/>
  <system-out>
    <![CDATA[IHT]]>
  </system-out>
  <testcase name="f" time="0.001" classname="testNGpack.Flag7"/>
  <system-out>
    <![CDATA[IHT]]>
  </system-out>
  <testcase name="f" time="0.001" classname="testNGpack.Flag7"/>
  <system-out>
    <![CDATA[IHT]]>
  </system-out>
  <testcase name="f" time="0.000" classname="testNGpack.Flag7"/>
  <system-out>
    <![CDATA[IHT]]>
  </system-out>
  <testcase name="f" time="0.002" classname="testNGpack.Flag7"/>
  <system-out>
    <![CDATA[IHT]]>
  </system-out>
  <testcase name="f" time="0.001" classname="testNGpack.Flag7"/>
  <system-out>
    <![CDATA[IHT]]>
  </system-out>
  <testcase name="f" time="0.002" classname="testNGpack.Flag7"/>
  <system-out>
    <![CDATA[IHT]]>
  </system-out>
  <testcase name="f" time="0.000" classname="testNGpack.Flag7"/>
  <system-out>
    <![CDATA[IHT]]>
  </system-out>
  <testcase name="f" time="0.000" classname="testNGpack.Flag7"/>
  <system-out>
    <![CDATA[IHT]]>
  </system-out>
  <testcase name="f" time="0.001" classname="testNGpack.Flag7"/>
  <system-out>
    <![CDATA[IHT]]>
  </system-out>
  <testcase name="f" time="0.001" classname="testNGpack.Flag7"/>
  <system-out>
    <![CDATA[IHT]]>
  </system-out>
  <testcase name="f" time="0.001" classname="testNGpack.Flag7"/>
  <system-out>
    <![CDATA[IHT]]>
  </system-out>
  <testcase name="f" time="0.001" classname="testNGpack.Flag7"/>
  <system-out>
    <![CDATA[IHT]]>
  </system-out>
  <testcase name="f" time="0.000" classname="testNGpack.Flag7"/>
  <system-out>
    <![CDATA[IHT]]>
  </system-out>
  <testcase name="f" time="0.000" classname="testNGpack.Flag7"/>
  <system-out>
    <![CDATA[IHT]]>
  </system-out>
  <testcase name="f" time="0.001" classname="testNGpack.Flag7"/>
  <system-out>
    <![CDATA[IHT]]>
  </system-out>
  <testcase name="f" time="0.001" classname="testNGpack.Flag7"/>
  <system-out>
    <![CDATA[IHT]]>
  </system-out>
  <testcase name="f" time="0.001" classname="testNGpack.Flag7"/>
  <system-out>
    <![CDATA[IHT]]>
  </system-out>
  <testcase name="f" time="0.000" classname="testNGpack.Flag7"/>
  <system-out>
    <![CDATA[IHT]]>
  </system-out>
  <testcase name="f" time="0.001" classname="testNGpack.Flag7"/>
  <system-out>
    <![CDATA[IHT]]>
  </system-out>
  <testcase name="f" time="0.000" classname="testNGpack.Flag7"/>
  <system-out>
    <![CDATA[IHT]]>
  </system-out>
  <testcase name="f" time="0.009" classname="testNGpack.Flag7"/>
  <system-out>
    <![CDATA[IHT]]>
  </system-out>
  <testcase name="f" time="0.000" classname="testNGpack.Flag7"/>
  <system-out>
    <![CDATA[IHT]]>
  </system-out>
  <testcase name="f" time="0.001" classname="testNGpack.Flag7"/>
  <system-out>
    <![CDATA[IHT]]>
  </system-out>
  <testcase name="f" time="0.000" classname="testNGpack.Flag7"/>
  <system-out>
    <![CDATA[IHT]]>
  </system-out>
  <testcase name="f" time="0.003" classname="testNGpack.Flag7"/>
  <system-out>
    <![CDATA[IHT]]>
  </system-out>
  <testcase name="f" time="0.001" classname="testNGpack.Flag7"/>
  <system-out>
    <![CDATA[IHT]]>
  </system-out>
  <testcase name="f" time="0.000" classname="testNGpack.Flag7"/>
  <system-out>
    <![CDATA[IHT]]>
  </system-out>
  <testcase name="f" time="0.000" classname="testNGpack.Flag7"/>
  <system-out>
    <![CDATA[IHT]]>
  </system-out>
  <testcase name="f" time="0.000" classname="testNGpack.Flag7"/>
  <system-out>
    <![CDATA[IHT]]>
  </system-out>
  <testcase name="f" time="0.001" classname="testNGpack.Flag7"/>
  <system-out>
    <![CDATA[IHT]]>
  </system-out>
  <testcase name="f" time="0.001" classname="testNGpack.Flag7"/>
  <system-out>
    <![CDATA[IHT]]>
  </system-out>
  <testcase name="f" time="0.000" classname="testNGpack.Flag7"/>
  <system-out>
    <![CDATA[IHT]]>
  </system-out>
  <testcase name="f" time="0.001" classname="testNGpack.Flag7"/>
  <system-out>
    <![CDATA[IHT]]>
  </system-out>
  <testcase name="f" time="0.000" classname="testNGpack.Flag7"/>
  <system-out>
    <![CDATA[IHT]]>
  </system-out>
</testsuite> <!-- testNGpack.Flag7 -->
