<?xml version="1.0" encoding="UTF-8"?>
<!-- Generated by org.testng.reporters.JUnitReportReporter -->
<testsuite skipped="0" hostname="Imran" name="testNG.A" tests="1" failures="0" timestamp="2022-08-18T12:03:29 IST" time="0.012" errors="0">
  <testcase name="f" time="0.012" classname="testNG.A"/>
  <system-out>
    <![CDATA[IHT]]>
  </system-out>
</testsuite> <!-- testNG.A -->
