<?xml version="1.0" encoding="UTF-8"?>
<!-- Generated by org.testng.reporters.JUnitReportReporter -->
<testsuite skipped="0" hostname="Imran" name="testNGpack.Sumo" tests="1" failures="0" timestamp="2022-08-20T12:44:03 IST" time="0.001" errors="0">
  <testcase name="method3" time="0.001" classname="testNGpack.Sumo"/>
  <system-out>
    <![CDATA[method3]]>
  </system-out>
</testsuite> <!-- testNGpack.Sumo -->
