<?xml version="1.0" encoding="UTF-8"?>
<!-- Generated by org.testng.reporters.JUnitReportReporter -->
<testsuite skipped="0" hostname="Imran" name="testNGpack.Demo" tests="1" failures="0" timestamp="2022-08-20T12:44:03 IST" time="0.008" errors="0">
  <testcase name="method1" time="0.008" classname="testNGpack.Demo"/>
  <system-out>
    <![CDATA[method1]]>
  </system-out>
</testsuite> <!-- testNGpack.Demo -->
