<?xml version="1.0" encoding="UTF-8"?>
<!-- Generated by org.testng.reporters.JUnitReportReporter -->
<testsuite skipped="1" hostname="Imran" name="testNGpack.Flag2" tests="3" failures="0" timestamp="2022-08-20T13:03:22 IST" time="0.014" errors="0">
  <testcase name="method3" time="0.004" classname="testNGpack.Flag2"/>
  <system-out>
    <![CDATA[actiTimevlaid]]>
  </system-out>
  <testcase name="method2" time="0.010" classname="testNGpack.Flag2"/>
  <system-out>
    <![CDATA[actiTimevlaid]]>
  </system-out>
  <testcase name="method1" classname="testNGpack.Flag2">
    <skipped/>
  </testcase> <!-- method1 -->
  <system-out/>
</testsuite> <!-- testNGpack.Flag2 -->
